This is pdfTeX, Version 3.141592653-2.6-1.40.22 (MiKTeX 21.6) (preloaded format=pdflatex 2021.9.25)  19 DEC 2021 00:17
entering extended mode
**./neural_networks_theory.tex
(neural_networks_theory.tex
LaTeX2e <2020-10-01>
L3 programming layer <2020-09-24> xparse <2020-03-03>
(C:\Users\–ê–ª–µ–∫—Å–µ–π\AppData\Local\Programs\MiKTeX\tex/latex/base\article.c
ls
Document Class: article 2020/04/10 v1.4m Standard LaTeX document class

(C:\Users\–ê–ª–µ–∫—Å–µ–π\AppData\Local\Programs\MiKTeX\tex/latex/base\size10.cl
o
File: size10.clo 2020/04/10 v1.4m Standard LaTeX file (size option)
)
\c@part=\count175
\c@section=\count176
\c@subsection=\count177
\c@subsubsection=\count178
\c@paragraph=\count179
\c@subparagraph=\count180
\c@figure=\count181
\c@table=\count182
\abovecaptionskip=\skip47
\belowcaptionskip=\skip48
\bibindent=\dimen138
)
(C:\Users\–ê–ª–µ–∫—Å–µ–π\AppData\Local\Programs\MiKTeX\tex/latex/base\inputenc.
sty
Package: inputenc 2020/08/01 v1.3d Input encoding file
\inpenc@prehook=\toks15
\inpenc@posthook=\toks16
)
(C:\Users\–ê–ª–µ–∫—Å–µ–π\AppData\Local\Programs\MiKTeX\tex/latex/base\fontenc.s
ty
Package: fontenc 2020/08/10 v2.0s Standard LaTeX package

(C:\Users\–ê–ª–µ–∫—Å–µ–π\AppData\Local\Programs\MiKTeX\tex/latex/cyrillic\t2aen
c.def
File: t2aenc.def 2005/09/27 v1.0i Cyrillic encoding definition file
Now handling font encoding T2A ...
... processing UTF-8 mapping file for font encoding T2A

(C:\Users\–ê–ª–µ–∫—Å–µ–π\AppData\Local\Programs\MiKTeX\tex/latex/base\t2aenc.df
u
File: t2aenc.dfu 2019/11/14 v1.2k UTF-8 support for inputenc
   defining Unicode char U+00A4 (decimal 164)
   defining Unicode char U+00A7 (decimal 167)
   defining Unicode char U+00AB (decimal 171)
   defining Unicode char U+00BB (decimal 187)
   defining Unicode char U+0131 (decimal 305)
   defining Unicode char U+0237 (decimal 567)
   defining Unicode char U+0400 (decimal 1024)
   defining Unicode char U+0401 (decimal 1025)
   defining Unicode char U+0402 (decimal 1026)
   defining Unicode char U+0403 (decimal 1027)
   defining Unicode char U+0404 (decimal 1028)
   defining Unicode char U+0405 (decimal 1029)
   defining Unicode char U+0406 (decimal 1030)
   defining Unicode char U+0407 (decimal 1031)
   defining Unicode char U+0408 (decimal 1032)
   defining Unicode char U+0409 (decimal 1033)
   defining Unicode char U+040A (decimal 1034)
   defining Unicode char U+040B (decimal 1035)
   defining Unicode char U+040C (decimal 1036)
   defining Unicode char U+040D (decimal 1037)
   defining Unicode char U+040E (decimal 1038)
   defining Unicode char U+040F (decimal 1039)
   defining Unicode char U+0410 (decimal 1040)
   defining Unicode char U+0411 (decimal 1041)
   defining Unicode char U+0412 (decimal 1042)
   defining Unicode char U+0413 (decimal 1043)
   defining Unicode char U+0414 (decimal 1044)
   defining Unicode char U+0415 (decimal 1045)
   defining Unicode char U+0416 (decimal 1046)
   defining Unicode char U+0417 (decimal 1047)
   defining Unicode char U+0418 (decimal 1048)
   defining Unicode char U+0419 (decimal 1049)
   defining Unicode char U+041A (decimal 1050)
   defining Unicode char U+041B (decimal 1051)
   defining Unicode char U+041C (decimal 1052)
   defining Unicode char U+041D (decimal 1053)
   defining Unicode char U+041E (decimal 1054)
   defining Unicode char U+041F (decimal 1055)
   defining Unicode char U+0420 (decimal 1056)
   defining Unicode char U+0421 (decimal 1057)
   defining Unicode char U+0422 (decimal 1058)
   defining Unicode char U+0423 (decimal 1059)
   defining Unicode char U+0424 (decimal 1060)
   defining Unicode char U+0425 (decimal 1061)
   defining Unicode char U+0426 (decimal 1062)
   defining Unicode char U+0427 (decimal 1063)
   defining Unicode char U+0428 (decimal 1064)
   defining Unicode char U+0429 (decimal 1065)
   defining Unicode char U+042A (decimal 1066)
   defining Unicode char U+042B (decimal 1067)
   defining Unicode char U+042C (decimal 1068)
   defining Unicode char U+042D (decimal 1069)
   defining Unicode char U+042E (decimal 1070)
   defining Unicode char U+042F (decimal 1071)
   defining Unicode char U+0430 (decimal 1072)
   defining Unicode char U+0431 (decimal 1073)
   defining Unicode char U+0432 (decimal 1074)
   defining Unicode char U+0433 (decimal 1075)
   defining Unicode char U+0434 (decimal 1076)
   defining Unicode char U+0435 (decimal 1077)
   defining Unicode char U+0436 (decimal 1078)
   defining Unicode char U+0437 (decimal 1079)
   defining Unicode char U+0438 (decimal 1080)
   defining Unicode char U+0439 (decimal 1081)
   defining Unicode char U+043A (decimal 1082)
   defining Unicode char U+043B (decimal 1083)
   defining Unicode char U+043C (decimal 1084)
   defining Unicode char U+043D (decimal 1085)
   defining Unicode char U+043E (decimal 1086)
   defining Unicode char U+043F (decimal 1087)
   defining Unicode char U+0440 (decimal 1088)
   defining Unicode char U+0441 (decimal 1089)
   defining Unicode char U+0442 (decimal 1090)
   defining Unicode char U+0443 (decimal 1091)
   defining Unicode char U+0444 (decimal 1092)
   defining Unicode char U+0445 (decimal 1093)
   defining Unicode char U+0446 (decimal 1094)
   defining Unicode char U+0447 (decimal 1095)
   defining Unicode char U+0448 (decimal 1096)
   defining Unicode char U+0449 (decimal 1097)
   defining Unicode char U+044A (decimal 1098)
   defining Unicode char U+044B (decimal 1099)
   defining Unicode char U+044C (decimal 1100)
   defining Unicode char U+044D (decimal 1101)
   defining Unicode char U+044E (decimal 1102)
   defining Unicode char U+044F (decimal 1103)
   defining Unicode char U+0450 (decimal 1104)
   defining Unicode char U+0451 (decimal 1105)
   defining Unicode char U+0452 (decimal 1106)
   defining Unicode char U+0453 (decimal 1107)
   defining Unicode char U+0454 (decimal 1108)
   defining Unicode char U+0455 (decimal 1109)
   defining Unicode char U+0456 (decimal 1110)
   defining Unicode char U+0457 (decimal 1111)
   defining Unicode char U+0458 (decimal 1112)
   defining Unicode char U+0459 (decimal 1113)
   defining Unicode char U+045A (decimal 1114)
   defining Unicode char U+045B (decimal 1115)
   defining Unicode char U+045C (decimal 1116)
   defining Unicode char U+045D (decimal 1117)
   defining Unicode char U+045E (decimal 1118)
   defining Unicode char U+045F (decimal 1119)
   defining Unicode char U+0490 (decimal 1168)
   defining Unicode char U+0491 (decimal 1169)
   defining Unicode char U+0492 (decimal 1170)
   defining Unicode char U+0493 (decimal 1171)
   defining Unicode char U+0496 (decimal 1174)
   defining Unicode char U+0497 (decimal 1175)
   defining Unicode char U+0498 (decimal 1176)
   defining Unicode char U+0499 (decimal 1177)
   defining Unicode char U+049A (decimal 1178)
   defining Unicode char U+049B (decimal 1179)
   defining Unicode char U+049C (decimal 1180)
   defining Unicode char U+049D (decimal 1181)
   defining Unicode char U+04A0 (decimal 1184)
   defining Unicode char U+04A1 (decimal 1185)
   defining Unicode char U+04A2 (decimal 1186)
   defining Unicode char U+04A3 (decimal 1187)
   defining Unicode char U+04A4 (decimal 1188)
   defining Unicode char U+04A5 (decimal 1189)
   defining Unicode char U+04AA (decimal 1194)
   defining Unicode char U+04AB (decimal 1195)
   defining Unicode char U+04AE (decimal 1198)
   defining Unicode char U+04AF (decimal 1199)
   defining Unicode char U+04B0 (decimal 1200)
   defining Unicode char U+04B1 (decimal 1201)
   defining Unicode char U+04B2 (decimal 1202)
   defining Unicode char U+04B3 (decimal 1203)
   defining Unicode char U+04B6 (decimal 1206)
   defining Unicode char U+04B7 (decimal 1207)
   defining Unicode char U+04B8 (decimal 1208)
   defining Unicode char U+04B9 (decimal 1209)
   defining Unicode char U+04BA (decimal 1210)
   defining Unicode char U+04BB (decimal 1211)
   defining Unicode char U+04C0 (decimal 1216)
   defining Unicode char U+04C1 (decimal 1217)
   defining Unicode char U+04C2 (decimal 1218)
   defining Unicode char U+04D0 (decimal 1232)
   defining Unicode char U+04D1 (decimal 1233)
   defining Unicode char U+04D2 (decimal 1234)
   defining Unicode char U+04D3 (decimal 1235)
   defining Unicode char U+04D4 (decimal 1236)
   defining Unicode char U+04D5 (decimal 1237)
   defining Unicode char U+04D6 (decimal 1238)
   defining Unicode char U+04D7 (decimal 1239)
   defining Unicode char U+04D8 (decimal 1240)
   defining Unicode char U+04D9 (decimal 1241)
   defining Unicode char U+04DA (decimal 1242)
   defining Unicode char U+04DB (decimal 1243)
   defining Unicode char U+04DC (decimal 1244)
   defining Unicode char U+04DD (decimal 1245)
   defining Unicode char U+04DE (decimal 1246)
   defining Unicode char U+04DF (decimal 1247)
   defining Unicode char U+04E2 (decimal 1250)
   defining Unicode char U+04E3 (decimal 1251)
   defining Unicode char U+04E4 (decimal 1252)
   defining Unicode char U+04E5 (decimal 1253)
   defining Unicode char U+04E6 (decimal 1254)
   defining Unicode char U+04E7 (decimal 1255)
   defining Unicode char U+04E8 (decimal 1256)
   defining Unicode char U+04E9 (decimal 1257)
   defining Unicode char U+04EC (decimal 1260)
   defining Unicode char U+04ED (decimal 1261)
   defining Unicode char U+04EE (decimal 1262)
   defining Unicode char U+04EF (decimal 1263)
   defining Unicode char U+04F0 (decimal 1264)
   defining Unicode char U+04F1 (decimal 1265)
   defining Unicode char U+04F2 (decimal 1266)
   defining Unicode char U+04F3 (decimal 1267)
   defining Unicode char U+04F4 (decimal 1268)
   defining Unicode char U+04F5 (decimal 1269)
   defining Unicode char U+04F8 (decimal 1272)
   defining Unicode char U+04F9 (decimal 1273)
   defining Unicode char U+200C (decimal 8204)
   defining Unicode char U+2013 (decimal 8211)
   defining Unicode char U+2014 (decimal 8212)
   defining Unicode char U+2018 (decimal 8216)
   defining Unicode char U+2019 (decimal 8217)
   defining Unicode char U+201C (decimal 8220)
   defining Unicode char U+201D (decimal 8221)
   defining Unicode char U+201E (decimal 8222)
   defining Unicode char U+2030 (decimal 8240)
   defining Unicode char U+2031 (decimal 8241)
   defining Unicode char U+2116 (decimal 8470)
   defining Unicode char U+2329 (decimal 9001)
   defining Unicode char U+232A (decimal 9002)
   defining Unicode char U+2423 (decimal 9251)
   defining Unicode char U+27E8 (decimal 10216)
   defining Unicode char U+27E9 (decimal 10217)
   defining Unicode char U+FB00 (decimal 64256)
   defining Unicode char U+FB01 (decimal 64257)
   defining Unicode char U+FB02 (decimal 64258)
   defining Unicode char U+FB03 (decimal 64259)
   defining Unicode char U+FB04 (decimal 64260)
   defining Unicode char U+FB05 (decimal 64261)
   defining Unicode char U+FB06 (decimal 64262)
))
LaTeX Font Info:    Trying to load font information for T2A+cmr on input line 1
12.

(C:\Users\–ê–ª–µ–∫—Å–µ–π\AppData\Local\Programs\MiKTeX\tex/latex/cyrillic\t2acm
r.fd
File: t2acmr.fd 2001/08/11 v1.0a Computer Modern Cyrillic font definitions
))
(C:\Users\–ê–ª–µ–∫—Å–µ–π\AppData\Local\Programs\MiKTeX\tex/generic/babel\babel.
sty
Package: babel 2020/10/03 3.49 The Babel package

(C:\Users\–ê–ª–µ–∫—Å–µ–π\AppData\Local\Programs\MiKTeX\tex/generic/babel\babel.
def
File: babel.def 2020/10/03 3.49 Babel common definitions
\babel@savecnt=\count183
\U@D=\dimen139
\l@babelnohyphens=\language79

(C:\Users\–ê–ª–µ–∫—Å–µ–π\AppData\Local\Programs\MiKTeX\tex/generic/babel\txtbab
el.def)
\bbl@readstream=\read2
)
\bbl@dirlevel=\count184

*************************************
* Local config file bblopts.cfg used
*

(C:\Users\–ê–ª–µ–∫—Å–µ–π\AppData\Local\Programs\MiKTeX\tex/latex/arabi\bblopts.
cfg
File: bblopts.cfg 2005/09/08 v0.1 add Arabic and Farsi to "declared" options of
 babel
)
(C:\Users\–ê–ª–µ–∫—Å–µ–π\AppData\Local\Programs\MiKTeX\tex/latex/babel-russian\
russianb.ldf
Language: russian 2017/08/12 1.3j Russian support for the Babel system
Package babel Info: Making " an active character on input line 120.
Package babel Info: Default for \cyrdash is provided on input line 157.
))
(C:\Users\–ê–ª–µ–∫—Å–µ–π\AppData\Local\Programs\MiKTeX\tex/latex/graphics\graph
icx.sty
Package: graphicx 2020/09/09 v1.2b Enhanced LaTeX Graphics (DPC,SPQR)

(C:\Users\–ê–ª–µ–∫—Å–µ–π\AppData\Local\Programs\MiKTeX\tex/latex/graphics\keyva
l.sty
Package: keyval 2014/10/28 v1.15 key=value parser (DPC)
\KV@toks@=\toks17
)
(C:\Users\–ê–ª–µ–∫—Å–µ–π\AppData\Local\Programs\MiKTeX\tex/latex/graphics\graph
ics.sty
Package: graphics 2020/08/30 v1.4c Standard LaTeX Graphics (DPC,SPQR)

(C:\Users\–ê–ª–µ–∫—Å–µ–π\AppData\Local\Programs\MiKTeX\tex/latex/graphics\trig.
sty
Package: trig 2016/01/03 v1.10 sin cos tan (DPC)
)
(C:\Users\–ê–ª–µ–∫—Å–µ–π\AppData\Local\Programs\MiKTeX\tex/latex/graphics-cfg\g
raphics.cfg
File: graphics.cfg 2016/06/04 v1.11 sample graphics configuration
)
Package graphics Info: Driver file: pdftex.def on input line 105.

(C:\Users\–ê–ª–µ–∫—Å–µ–π\AppData\Local\Programs\MiKTeX\tex/latex/graphics-def\p
dftex.def
File: pdftex.def 2020/08/26 v1.2 Graphics/color driver for pdftex
))
\Gin@req@height=\dimen140
\Gin@req@width=\dimen141
)
(C:\Users\–ê–ª–µ–∫—Å–µ–π\AppData\Local\Programs\MiKTeX\tex/latex/amsmath\amsmat
h.sty
Package: amsmath 2020/09/23 v2.17i AMS math features
\@mathmargin=\skip49

For additional information on amsmath, use the `?' option.

(C:\Users\–ê–ª–µ–∫—Å–µ–π\AppData\Local\Programs\MiKTeX\tex/latex/amsmath\amstex
t.sty
Package: amstext 2000/06/29 v2.01 AMS text

(C:\Users\–ê–ª–µ–∫—Å–µ–π\AppData\Local\Programs\MiKTeX\tex/latex/amsmath\amsgen
.sty
File: amsgen.sty 1999/11/30 v2.0 generic functions
\@emptytoks=\toks18
\ex@=\dimen142
))
(C:\Users\–ê–ª–µ–∫—Å–µ–π\AppData\Local\Programs\MiKTeX\tex/latex/amsmath\amsbsy
.sty
Package: amsbsy 1999/11/29 v1.2d Bold Symbols
\pmbraise@=\dimen143
)
(C:\Users\–ê–ª–µ–∫—Å–µ–π\AppData\Local\Programs\MiKTeX\tex/latex/amsmath\amsopn
.sty
Package: amsopn 2016/03/08 v2.02 operator names
)
\inf@bad=\count185
LaTeX Info: Redefining \frac on input line 234.
\uproot@=\count186
\leftroot@=\count187
LaTeX Info: Redefining \overline on input line 399.
\classnum@=\count188
\DOTSCASE@=\count189
LaTeX Info: Redefining \ldots on input line 496.
LaTeX Info: Redefining \dots on input line 499.
LaTeX Info: Redefining \cdots on input line 620.
\Mathstrutbox@=\box47
\strutbox@=\box48
\big@size=\dimen144
LaTeX Font Info:    Redeclaring font encoding OML on input line 743.
LaTeX Font Info:    Redeclaring font encoding OMS on input line 744.
\macc@depth=\count190
\c@MaxMatrixCols=\count191
\dotsspace@=\muskip16
\c@parentequation=\count192
\dspbrk@lvl=\count193
\tag@help=\toks19
\row@=\count194
\column@=\count195
\maxfields@=\count196
\andhelp@=\toks20
\eqnshift@=\dimen145
\alignsep@=\dimen146
\tagshift@=\dimen147
\tagwidth@=\dimen148
\totwidth@=\dimen149
\lineht@=\dimen150
\@envbody=\toks21
\multlinegap=\skip50
\multlinetaggap=\skip51
\mathdisplay@stack=\toks22
LaTeX Info: Redefining \[ on input line 2923.
LaTeX Info: Redefining \] on input line 2924.
)
(C:\Users\–ê–ª–µ–∫—Å–µ–π\AppData\Local\Programs\MiKTeX\tex/latex/amsfonts\amssy
mb.sty
Package: amssymb 2013/01/14 v3.01 AMS font symbols

(C:\Users\–ê–ª–µ–∫—Å–µ–π\AppData\Local\Programs\MiKTeX\tex/latex/amsfonts\amsfo
nts.sty
Package: amsfonts 2013/01/14 v3.01 Basic AMSFonts support
\symAMSa=\mathgroup4
\symAMSb=\mathgroup5
LaTeX Font Info:    Redeclaring math symbol \hbar on input line 98.
LaTeX Font Info:    Overwriting math alphabet `\mathfrak' in version `bold'
(Font)                  U/euf/m/n --> U/euf/b/n on input line 106.
))
(C:\Users\–ê–ª–µ–∫—Å–µ–π\AppData\Local\Programs\MiKTeX\tex/latex/tools\bm.sty
Package: bm 2019/07/24 v1.2d Bold Symbol Support (DPC/FMi)
\symboldoperators=\mathgroup6
\symboldletters=\mathgroup7
\symboldsymbols=\mathgroup8
LaTeX Font Info:    Redeclaring math alphabet \mathbf on input line 141.
LaTeX Info: Redefining \bm on input line 209.
)
(C:\Users\–ê–ª–µ–∫—Å–µ–π\AppData\Local\Programs\MiKTeX\tex/latex/mathtools\math
tools.sty
Package: mathtools 2020/03/24 v1.24 mathematical typesetting tools

(C:\Users\–ê–ª–µ–∫—Å–µ–π\AppData\Local\Programs\MiKTeX\tex/latex/tools\calc.sty
Package: calc 2017/05/25 v4.3 Infix arithmetic (KKT,FJ)
\calc@Acount=\count197
\calc@Bcount=\count198
\calc@Adimen=\dimen151
\calc@Bdimen=\dimen152
\calc@Askip=\skip52
\calc@Bskip=\skip53
LaTeX Info: Redefining \setlength on input line 80.
LaTeX Info: Redefining \addtolength on input line 81.
\calc@Ccount=\count199
\calc@Cskip=\skip54
)
(C:\Users\–ê–ª–µ–∫—Å–µ–π\AppData\Local\Programs\MiKTeX\tex/latex/mathtools\mhse
tup.sty
Package: mhsetup 2017/03/31 v1.3 programming setup (MH)
)
LaTeX Info: Thecontrolsequence`\('isalreadyrobust on input line 130.
LaTeX Info: Thecontrolsequence`\)'isalreadyrobust on input line 130.
LaTeX Info: Thecontrolsequence`\['isalreadyrobust on input line 130.
LaTeX Info: Thecontrolsequence`\]'isalreadyrobust on input line 130.
\g_MT_multlinerow_int=\count266
\l_MT_multwidth_dim=\dimen153
\origjot=\skip55
\l_MT_shortvdotswithinadjustabove_dim=\dimen154
\l_MT_shortvdotswithinadjustbelow_dim=\dimen155
\l_MT_above_intertext_sep=\dimen156
\l_MT_below_intertext_sep=\dimen157
\l_MT_above_shortintertext_sep=\dimen158
\l_MT_below_shortintertext_sep=\dimen159
\xmathstrut@box=\box49
\xmathstrut@dim=\dimen160
)
(C:\Users\–ê–ª–µ–∫—Å–µ–π\AppData\Local\Programs\MiKTeX\tex/latex/l3backend\l3ba
ckend-pdftex.def
File: l3backend-pdftex.def 2020-09-24 L3 backend support: PDF output (pdfTeX)
\l__kernel_color_stack_int=\count267
\l__pdf_internal_box=\box50
) (neural_networks_theory.aux)
\openout1 = `neural_networks_theory.aux'.

LaTeX Font Info:    Checking defaults for OML/cmm/m/it on input line 11.
LaTeX Font Info:    ... okay on input line 11.
LaTeX Font Info:    Checking defaults for OMS/cmsy/m/n on input line 11.
LaTeX Font Info:    ... okay on input line 11.
LaTeX Font Info:    Checking defaults for OT1/cmr/m/n on input line 11.
LaTeX Font Info:    ... okay on input line 11.
LaTeX Font Info:    Checking defaults for T1/cmr/m/n on input line 11.
LaTeX Font Info:    ... okay on input line 11.
LaTeX Font Info:    Checking defaults for TS1/cmr/m/n on input line 11.
LaTeX Font Info:    ... okay on input line 11.
LaTeX Font Info:    Checking defaults for OMX/cmex/m/n on input line 11.
LaTeX Font Info:    ... okay on input line 11.
LaTeX Font Info:    Checking defaults for U/cmr/m/n on input line 11.
LaTeX Font Info:    ... okay on input line 11.
LaTeX Font Info:    Checking defaults for T2A/cmr/m/n on input line 11.
LaTeX Font Info:    ... okay on input line 11.

(C:\Users\–ê–ª–µ–∫—Å–µ–π\AppData\Local\Programs\MiKTeX\tex/context/base/mkii\su
pp-pdf.mkii
[Loading MPS to PDF converter (version 2006.09.02).]
\scratchcounter=\count268
\scratchdimen=\dimen161
\scratchbox=\box51
\nofMPsegments=\count269
\nofMParguments=\count270
\everyMPshowfont=\toks23
\MPscratchCnt=\count271
\MPscratchDim=\dimen162
\MPnumerator=\count272
\makeMPintoPDFobject=\count273
\everyMPtoPDFconversion=\toks24
)
(C:\Users\–ê–ª–µ–∫—Å–µ–π\AppData\Local\Programs\MiKTeX\tex/latex/epstopdf-pkg\e
pstopdf-base.sty
Package: epstopdf-base 2020-01-24 v2.11 Base part for package epstopdf
Package epstopdf-base Info: Redefining graphics rule for `.eps' on input line 4
85.
 (C:\Program Files\MiKTeX\tex/latex/00miktex\epstopdf-sys.cfg
File: epstopdf-sys.cfg 2021/03/18 v2.0 Configuration of epstopdf for MiKTeX
)) (neural_networks_theory.toc
LaTeX Font Info:    Trying to load font information for U+msa on input line 4.

(C:\Users\–ê–ª–µ–∫—Å–µ–π\AppData\Local\Programs\MiKTeX\tex/latex/amsfonts\umsa.
fd
File: umsa.fd 2013/01/14 v3.01 AMS symbols A
)
LaTeX Font Info:    Trying to load font information for U+msb on input line 4.

(C:\Users\–ê–ª–µ–∫—Å–µ–π\AppData\Local\Programs\MiKTeX\tex/latex/amsfonts\umsb.
fd
File: umsb.fd 2013/01/14 v3.01 AMS symbols B
))
\tf@toc=\write3
\openout3 = `neural_networks_theory.toc'.

 [1

{C:/Users/–ê–ª–µ–∫—Å–µ–π/AppData/Local/MiKTeX/pdftex/config/pdftex.map}]
Underfull \hbox (badness 10000) in paragraph at lines 23--24

 []


Underfull \hbox (badness 10000) in paragraph at lines 37--38

 []


Underfull \hbox (badness 10000) in paragraph at lines 47--48

 []

[2]
Underfull \hbox (badness 10000) in paragraph at lines 74--75

 []

[3]
Overfull \hbox (0.40857pt too wide) in paragraph at lines 90--90
[]\T2A/cmr/bx/n/12 ŒÒÓ·ÂÌÌÓÒÚË ÔÓ-ÒÚÓ-Â-ÌËˇ ÌÂÈ-ÓÌ-Ì˚ı ÒÂ-ÚÂÈ ‰Îˇ ËÁÓ·-
 []


Underfull \hbox (badness 10000) in paragraph at lines 100--101

 []

<pic1.jpg, id=24, 469.00218pt x 292.09125pt>
File: pic1.jpg Graphic file (type jpg)
<use pic1.jpg>
Package pdftex.def Info: pic1.jpg  used on input line 102.
(pdftex.def)             Requested size: 345.0pt x 214.86052pt.
[4 <./pic1.jpg>]
Underfull \hbox (badness 10000) in paragraph at lines 140--142

 []


Underfull \hbox (badness 10000) in paragraph at lines 145--146

 []

[5]
Underfull \hbox (badness 10000) in paragraph at lines 171--172

 []

[6]
Underfull \hbox (badness 10000) in paragraph at lines 210--211

 []

<pic4.jpg, id=36, 282.30469pt x 197.23688pt>
File: pic4.jpg Graphic file (type jpg)
<use pic4.jpg>
Package pdftex.def Info: pic4.jpg  used on input line 212.
(pdftex.def)             Requested size: 345.0pt x 241.05898pt.

Underfull \hbox (badness 10000) in paragraph at lines 217--218

 []

<pic5.jpg, id=37, 472.76625pt x 176.15813pt>
File: pic5.jpg Graphic file (type jpg)
<use pic5.jpg>
Package pdftex.def Info: pic5.jpg  used on input line 219.
(pdftex.def)             Requested size: 345.0pt x 128.55403pt.
[7 <./pic4.jpg>]
Underfull \hbox (badness 10000) in paragraph at lines 228--229

 []

<pic13.jpg, id=42, 796.9775pt x 598.235pt>
File: pic13.jpg Graphic file (type jpg)
<use pic13.jpg>
Package pdftex.def Info: pic13.jpg  used on input line 234.
(pdftex.def)             Requested size: 118.3358pt x 88.81854pt.
<pic14.jpg, id=44, 803.0pt x 602.25pt>
File: pic14.jpg Graphic file (type jpg)
<use pic14.jpg>
Package pdftex.def Info: pic14.jpg  used on input line 238.
(pdftex.def)             Requested size: 118.3358pt x 88.74379pt.

Underfull \hbox (badness 10000) in paragraph at lines 242--243

 []

[8 <./pic5.jpg> <./pic13.jpg> <./pic14.jpg>]
<pic6.jpg, id=50, 469.00218pt x 223.58531pt>
File: pic6.jpg Graphic file (type jpg)
<use pic6.jpg>
Package pdftex.def Info: pic6.jpg  used on input line 244.
(pdftex.def)             Requested size: 345.0pt x 164.46797pt.
<pic15.png, id=51, 518.93875pt x 452.69125pt>
File: pic15.png Graphic file (type png)
<use pic15.png>
Package pdftex.def Info: pic15.png  used on input line 267.
(pdftex.def)             Requested size: 345.0pt x 300.97372pt.
 [9 <./pic6.jpg>]
<pic16.jpg, id=55, 513.92pt x 259.97125pt>
File: pic16.jpg Graphic file (type jpg)
<use pic16.jpg>
Package pdftex.def Info: pic16.jpg  used on input line 272.
(pdftex.def)             Requested size: 345.0pt x 174.52495pt.
 [10 <./pic15.png> <./pic16.jpg>]
<pic12.jpg, id=60, 469.755pt x 123.46124pt>
File: pic12.jpg Graphic file (type jpg)
<use pic12.jpg>
Package pdftex.def Info: pic12.jpg  used on input line 281.
(pdftex.def)             Requested size: 345.0pt x 90.67226pt.
 [11 <./pic12.jpg>] (neural_networks_theory.aux) ) 
Here is how much of TeX's memory you used:
 4488 strings out of 480227
 62554 string characters out of 2876120
 349190 words of memory out of 3000000
 20978 multiletter control sequences out of 15000+600000
 547995 words of font info for 57 fonts, out of 8000000 for 9000
 1141 hyphenation exceptions out of 8191
 60i,9n,66p,1062b,323s stack positions out of 5000i,500n,10000p,200000b,80000s
 <C:\Users\–ê–ª–µ–∫—Å–µ–π\App
Data\Local\MiKTeX\fonts/pk/ljfour/lh/lh-t2a/dpi600\labx1200.pk> <C:\Users\–ê–ª–
µ–∫—Å–µ–π\AppData\Local\MiKTeX\fonts/pk/ljfour/jknappen/ec/dpi600\tcrm1000.pk> 
<C:\Users\–ê–ª–µ–∫—Å–µ–π\AppData\Local\MiKTeX\fonts/pk/ljfour/lh/lh-t2a/dpi600\
larm1000.pk> <C:\Users\–ê–ª–µ–∫—Å–µ–π\AppData\Local\MiKTeX\fonts/pk/ljfour/lh/l
h-t2a/dpi600\labx1000.pk> <C:\Users\–ê–ª–µ–∫—Å–µ–π\AppData\Local\MiKTeX\fonts/p
k/ljfour/lh/lh-t2a/dpi600\labx1440.pk><C:/Users/–ê–ª–µ–∫—Å–µ–π/AppData/Local/Pr
ograms/MiKTeX/fonts/type1/public/amsfonts/cm/cmex10.pfb><C:/Users/–ê–ª–µ–∫—Å–µ–
π/AppData/Local/Programs/MiKTeX/fonts/type1/public/amsfonts/cm/cmmi10.pfb><C:/U
sers/–ê–ª–µ–∫—Å–µ–π/AppData/Local/Programs/MiKTeX/fonts/type1/public/amsfonts/c
m/cmmi5.pfb><C:/Users/–ê–ª–µ–∫—Å–µ–π/AppData/Local/Programs/MiKTeX/fonts/type1/
public/amsfonts/cm/cmmi7.pfb><C:/Users/–ê–ª–µ–∫—Å–µ–π/AppData/Local/Programs/Mi
KTeX/fonts/type1/public/amsfonts/cm/cmr10.pfb><C:/Users/–ê–ª–µ–∫—Å–µ–π/AppData/
Local/Programs/MiKTeX/fonts/type1/public/amsfonts/cm/cmr7.pfb><C:/Users/–ê–ª–µ–
∫—Å–µ–π/AppData/Local/Programs/MiKTeX/fonts/type1/public/amsfonts/cm/cmsy10.pfb
><C:/Users/–ê–ª–µ–∫—Å–µ–π/AppData/Local/Programs/MiKTeX/fonts/type1/public/amsf
onts/cm/cmsy7.pfb><C:/Users/–ê–ª–µ–∫—Å–µ–π/AppData/Local/Programs/MiKTeX/fonts/
type1/public/amsfonts/symbols/msbm10.pfb><C:/Users/–ê–ª–µ–∫—Å–µ–π/AppData/Local
/Programs/MiKTeX/fonts/type1/public/amsfonts/symbols/msbm7.pfb>
Output written on neural_networks_theory.pdf (11 pages, 778246 bytes).
PDF statistics:
 354 PDF objects out of 1000 (max. 8388607)
 0 named destinations out of 1000 (max. 500000)
 46 words of extra memory for PDF output out of 10000 (max. 10000000)

